e:\!!!engine dev\pp5\enginewindowsetup\debug\enginewindowsetup.pch
e:\!!!engine dev\pp5\enginewindowsetup\debug\vc140.pdb
e:\!!!engine dev\pp5\enginewindowsetup\debug\vc140.idb
e:\!!!engine dev\pp5\enginewindowsetup\debug\stdafx.obj
e:\!!!engine dev\pp5\enginewindowsetup\stdafx.pch
e:\!!!engine dev\pp5\enginewindowsetup\debug\enginewindowsetup.obj
e:\!!!engine dev\pp5\enginewindowsetup\debug\winmain.obj
e:\!!!engine dev\pp5\enginewindowsetup\debug\pch.obj
e:\!!!engine dev\pp5\enginewindowsetup\debug\wictextureloader.obj
e:\!!!engine dev\pp5\enginewindowsetup\trivial_ps.cso
e:\!!!engine dev\pp5\enginewindowsetup\trivial_vs.cso
e:\!!!engine dev\pp5\enginewindowsetup\debug\enginewindowsetup.ilk
e:\!!!engine dev\pp5\enginewindowsetup\debug\enginewindowsetup.exe
e:\!!!engine dev\pp5\enginewindowsetup\debug\enginewindowsetup.pdb
e:\!!!engine dev\pp5\enginewindowsetup\debug\enginewindowsetup.res
e:\!!!engine dev\pp5\enginewindowsetup\debug\enginewindowsetup.vcxprojresolveassemblyreference.cache
e:\!!!engine dev\pp5\enginewindowsetup\debug\fbxdll.ilk
e:\!!!engine dev\pp5\enginewindowsetup\debug\fbxdll.exp
e:\!!!engine dev\pp5\enginewindowsetup\debug\fbxdll.pdb
e:\!!!engine dev\pp5\enginewindowsetup\debug\enginewi.f808df6b.tlog\cl.command.1.tlog
e:\!!!engine dev\pp5\enginewindowsetup\debug\enginewi.f808df6b.tlog\cl.delete.1.tlog
e:\!!!engine dev\pp5\enginewindowsetup\debug\enginewi.f808df6b.tlog\cl.read.1.tlog
e:\!!!engine dev\pp5\enginewindowsetup\debug\enginewi.f808df6b.tlog\cl.write.1.tlog
e:\!!!engine dev\pp5\enginewindowsetup\debug\enginewi.f808df6b.tlog\enginewindowsetup.write.1u.tlog
e:\!!!engine dev\pp5\enginewindowsetup\debug\enginewi.f808df6b.tlog\fxc.command.1.tlog
e:\!!!engine dev\pp5\enginewindowsetup\debug\enginewi.f808df6b.tlog\fxc.read.1.tlog
e:\!!!engine dev\pp5\enginewindowsetup\debug\enginewi.f808df6b.tlog\fxc.write.1.tlog
e:\!!!engine dev\pp5\enginewindowsetup\debug\enginewi.f808df6b.tlog\link.command.1.tlog
e:\!!!engine dev\pp5\enginewindowsetup\debug\enginewi.f808df6b.tlog\link.read.1.tlog
e:\!!!engine dev\pp5\enginewindowsetup\debug\enginewi.f808df6b.tlog\link.write.1.tlog
e:\!!!engine dev\pp5\enginewindowsetup\debug\enginewi.f808df6b.tlog\rc.command.1.tlog
e:\!!!engine dev\pp5\enginewindowsetup\debug\enginewi.f808df6b.tlog\rc.read.1.tlog
e:\!!!engine dev\pp5\enginewindowsetup\debug\enginewi.f808df6b.tlog\rc.write.1.tlog
